<?xml version="1.0" encoding="UTF-8"?>
<!-- Generated by org.testng.reporters.JUnitReportReporter -->
<testsuite skipped="0" hostname="INDHYDELP033" name="practise.AppiumFramework.Ecommerce_tc_6_test" tests="1" failures="0" timestamp="2020-12-10T19:16:24 IST" time="46.113" errors="0">
  <testcase name="EcommerceValidation" time="46.113" classname="practise.AppiumFramework.Ecommerce_tc_6_test"/>
  <system-out/>
</testsuite> <!-- practise.AppiumFramework.Ecommerce_tc_6_test -->
