<?xml version="1.0" encoding="UTF-8"?>
<!-- Generated by org.testng.reporters.JUnitReportReporter -->
<testsuite skipped="0" hostname="INDHYDELP033" name="practise.AppiumFramework.SwipeDemoTest" tests="1" failures="0" timestamp="2020-12-03T17:58:34 IST" time="36.613" errors="0">
  <testcase name="SwipeValidation" time="36.613" classname="practise.AppiumFramework.SwipeDemoTest"/>
  <system-out/>
</testsuite> <!-- practise.AppiumFramework.SwipeDemoTest -->
