<?xml version="1.0" encoding="UTF-8"?>
<!-- Generated by org.testng.reporters.JUnitReportReporter -->
<testsuite skipped="0" hostname="INDHYDELP033" name="practise.AppiumFramework.Loginfirestock" tests="1" failures="0" timestamp="2020-12-07T18:19:35 IST" time="31.196" errors="0">
  <testcase name="StockValidation" time="31.196" classname="practise.AppiumFramework.Loginfirestock"/>
  <system-out/>
</testsuite> <!-- practise.AppiumFramework.Loginfirestock -->
