<?xml version="1.0" encoding="UTF-8"?>
<!-- Generated by org.testng.reporters.JUnitReportReporter -->
<testsuite skipped="0" hostname="INDHYDELP033" name="practise.AppiumFramework.gesturesTest" tests="1" failures="0" timestamp="2020-12-03T17:58:34 IST" time="27.916" errors="0">
  <testcase name="GesturesValidation" time="27.916" classname="practise.AppiumFramework.gesturesTest"/>
  <system-out/>
</testsuite> <!-- practise.AppiumFramework.gesturesTest -->
