<?xml version="1.0" encoding="UTF-8"?>
<!-- Generated by org.testng.reporters.JUnitReportReporter -->
<testsuite skipped="0" hostname="INDHYDELP033" name="practise.AppiumFramework.Ecommerce_tc_3" tests="1" failures="0" timestamp="2020-04-27T12:25:36 IST" time="68.389" errors="0">
  <testcase name="Validation" time="68.389" classname="practise.AppiumFramework.Ecommerce_tc_3"/>
  <system-out/>
</testsuite> <!-- practise.AppiumFramework.Ecommerce_tc_3 -->
