<?xml version="1.0" encoding="UTF-8"?>
<!-- Generated by org.testng.reporters.JUnitReportReporter -->
<testsuite skipped="0" hostname="INDHYDELP033" name="practise.AppiumFramework.Stockapp" tests="1" failures="0" timestamp="2020-12-07T15:40:55 IST" time="54.527" errors="0">
  <testcase name="StockValidation" time="54.527" classname="practise.AppiumFramework.Stockapp"/>
  <system-out/>
</testsuite> <!-- practise.AppiumFramework.Stockapp -->
