<?xml version="1.0" encoding="UTF-8"?>
<!-- Generated by org.testng.reporters.JUnitReportReporter -->
<testsuite skipped="0" hostname="INDHYDELP033" name="practise.AppiumFramework.Stockapp4" tests="1" failures="0" timestamp="2021-02-05T12:22:12 IST" time="171.595" errors="0">
  <testcase name="StockValidation" time="171.595" classname="practise.AppiumFramework.Stockapp4"/>
  <system-out/>
</testsuite> <!-- practise.AppiumFramework.Stockapp4 -->
