<?xml version="1.0" encoding="UTF-8"?>
<!-- Generated by org.testng.reporters.JUnitReportReporter -->
<testsuite skipped="0" hostname="INDHYDELP033" name="practise.AppiumFramework.Ecommerce_tc_4" tests="1" failures="0" timestamp="2020-04-27T12:25:35 IST" time="39.593" errors="0">
  <testcase name="totalValidation" time="39.593" classname="practise.AppiumFramework.Ecommerce_tc_4"/>
  <system-out/>
</testsuite> <!-- practise.AppiumFramework.Ecommerce_tc_4 -->
