<?xml version="1.0" encoding="UTF-8"?>
<!-- Generated by org.testng.reporters.JUnitReportReporter -->
<testsuite skipped="0" hostname="INDHYDELP033" name="practise.AppiumFramework.Ecommerce_tc_4_test" tests="1" failures="0" timestamp="2020-12-16T10:37:40 IST" time="42.565" errors="0">
  <testcase name="totalValidation" time="42.565" classname="practise.AppiumFramework.Ecommerce_tc_4_test"/>
  <system-out/>
</testsuite> <!-- practise.AppiumFramework.Ecommerce_tc_4_test -->
