<?xml version="1.0" encoding="UTF-8"?>
<!-- Generated by org.testng.reporters.JUnitReportReporter -->
<testsuite skipped="0" hostname="INDHYDELP033" name="practise.AppiumFramework.ExcelDataProvider" tests="5" failures="0" timestamp="2020-06-16T18:13:11 IST" time="0.026" errors="0">
  <testcase name="test1" time="0.004" classname="practise.AppiumFramework.ExcelDataProvider"/>
  <system-out/>
  <testcase name="test1" time="0.010" classname="practise.AppiumFramework.ExcelDataProvider"/>
  <system-out/>
  <testcase name="test1" time="0.008" classname="practise.AppiumFramework.ExcelDataProvider"/>
  <system-out/>
  <testcase name="test1" time="0.003" classname="practise.AppiumFramework.ExcelDataProvider"/>
  <system-out/>
  <testcase name="test1" time="0.001" classname="practise.AppiumFramework.ExcelDataProvider"/>
  <system-out/>
</testsuite> <!-- practise.AppiumFramework.ExcelDataProvider -->
