<?xml version="1.0" encoding="UTF-8"?>
<!-- Generated by org.testng.reporters.JUnitReportReporter -->
<testsuite skipped="0" hostname="INDHYDELP033" name="practise.AppiumFramework.Stockapp2" tests="1" failures="0" timestamp="2020-12-08T15:54:17 IST" time="89.170" errors="0">
  <testcase name="StockValidation" time="89.170" classname="practise.AppiumFramework.Stockapp2"/>
  <system-out/>
</testsuite> <!-- practise.AppiumFramework.Stockapp2 -->
